[24:33:50.960] [INFO] Checking the health of your Storybook..
[24:33:50.963] [DEBUG] Getting Storybook info...
[24:33:50.967] [DEBUG] Loading main config...
[24:33:51.309] [DEBUG] Getting stories paths...
[24:33:51.373] [DEBUG] Getting package manager...
[24:33:54.920] [DEBUG] Getting Storybook version...
[24:34:04.218] [WARN] .storybook: 1 issue found
[24:34:04.218] [INFO] You are currently using Storybook 9.1.10 but you have packages which are incompatible with it:

- @storybook/addon-essentials@8.6.14 which depends on 8.6.14
 Repo: https://github.com/storybookjs/storybook/tree/next/code/addons/essentials
- @storybook/addon-interactions@8.6.14 which depends on 8.6.14
 Repo: https://github.com/storybookjs/storybook/tree/next/code/addons/interactions
- @storybook/blocks@8.6.14 which depends on ^8.6.14
 Repo: https://github.com/storybookjs/storybook/tree/next/code/lib/blocks
- @storybook/test@8.6.14 which depends on 8.6.14
 Repo: https://github.com/storybookjs/storybook/tree/next/code/lib/test

Please consider updating your packages or contacting the maintainers for compatibility details.

For more on Storybook 9 compatibility, see the linked GitHub issue:
https://github.com/storybookjs/storybook/issues/30944
[24:34:04.267] [INFO] Storybook doctor is complete!
[24:34:04.280] [INFO] You can always recheck the health of your project(s) by running:
npx storybook doctor